<?xml version="1.0" encoding="UTF-8"?>
<!-- Generated by org.testng.reporters.JUnitReportReporter -->
<testsuite hostname="EC2AMAZ-S11DBRH" failures="0" tests="1" name="TestScript.searchCypressTest" time="6.246" errors="0" timestamp="2023-08-17T07:00:57 GMT" skipped="0">
  <testcase classname="TestScript.searchCypressTest" name="searchCypressTest1" time="6.246"/>
  <system-out/>
</testsuite> <!-- TestScript.searchCypressTest -->
