<?xml version="1.0" encoding="UTF-8"?>
<!-- Generated by org.testng.reporters.JUnitReportReporter -->
<testsuite hostname="EC2AMAZ-S11DBRH" failures="0" tests="1" name="TestScript.SampleTestTwo" time="0.002" errors="0" timestamp="2023-08-17T07:30:05 GMT" skipped="0">
  <testcase classname="TestScript.SampleTestTwo" name="testOne" time="0.002"/>
  <system-out/>
</testsuite> <!-- TestScript.SampleTestTwo -->
